Pulling VIC1 2021-10-01 -> 2026-07-06 at 5m
  [gen] 10/218 chunks (2021-12-12 -> 2021-12-20)
  [gen] 20/218 chunks (2022-03-02 -> 2022-03-10)
  [gen] 30/218 chunks (2022-05-21 -> 2022-05-29)
  [gen] 40/218 chunks (2022-08-09 -> 2022-08-17)
  [gen] 50/218 chunks (2022-10-28 -> 2022-11-05)
  [gen] 60/218 chunks (2023-01-16 -> 2023-01-24)
  [gen] 70/218 chunks (2023-04-06 -> 2023-04-14)
  [gen] 80/218 chunks (2023-06-25 -> 2023-07-03)
  [gen] 90/218 chunks (2023-09-13 -> 2023-09-21)
  [gen] 100/218 chunks (2023-12-02 -> 2023-12-10)
  [gen] 110/218 chunks (2024-02-20 -> 2024-02-28)
  [gen] 120/218 chunks (2024-05-10 -> 2024-05-18)
  [gen] 130/218 chunks (2024-07-29 -> 2024-08-06)
  [gen] 140/218 chunks (2024-10-17 -> 2024-10-25)
  [gen] 150/218 chunks (2025-01-05 -> 2025-01-13)
  [gen] 160/218 chunks (2025-03-26 -> 2025-04-03)
  [gen] 170/218 chunks (2025-06-14 -> 2025-06-22)
  [gen] 180/218 chunks (2025-09-02 -> 2025-09-10)
  [gen] 190/218 chunks (2025-11-21 -> 2025-11-29)
  [gen] 200/218 chunks (2026-02-09 -> 2026-02-17)
  [gen] 210/218 chunks (2026-04-30 -> 2026-05-08)
  [gen] 218/218 chunks (2026-07-03 -> 2026-07-06)
  -> vic_generation_20211001_20260706.parquet: 4,702,660 rows, 2021-10-01 00:00:00+10:00 .. 2026-07-05 23:55:00+10:00
  [market] 10/218 chunks (2021-12-12 -> 2021-12-20)
  [market] 20/218 chunks (2022-03-02 -> 2022-03-10)
  [market] 30/218 chunks (2022-05-21 -> 2022-05-29)
  [market] 40/218 chunks (2022-08-09 -> 2022-08-17)
  [market] 50/218 chunks (2022-10-28 -> 2022-11-05)
  [market] 60/218 chunks (2023-01-16 -> 2023-01-24)
  [market] 70/218 chunks (2023-04-06 -> 2023-04-14)
  [market] 80/218 chunks (2023-06-25 -> 2023-07-03)
  [market] 90/218 chunks (2023-09-13 -> 2023-09-21)
  [market] 100/218 chunks (2023-12-02 -> 2023-12-10)
  [market] 110/218 chunks (2024-02-20 -> 2024-02-28)
  [market] 120/218 chunks (2024-05-10 -> 2024-05-18)
  [market] 130/218 chunks (2024-07-29 -> 2024-08-06)
  [market] 140/218 chunks (2024-10-17 -> 2024-10-25)
  [market] 150/218 chunks (2025-01-05 -> 2025-01-13)
  [market] 160/218 chunks (2025-03-26 -> 2025-04-03)
  [market] 170/218 chunks (2025-06-14 -> 2025-06-22)
  [market] 180/218 chunks (2025-09-02 -> 2025-09-10)
  [market] 190/218 chunks (2025-11-21 -> 2025-11-29)
  [market] 200/218 chunks (2026-02-09 -> 2026-02-17)
  [market] 210/218 chunks (2026-04-30 -> 2026-05-08)
  [market] 218/218 chunks (2026-07-03 -> 2026-07-06)
  -> vic_market_20211001_20260706.parquet: 500,832 rows, 2021-10-01 00:00:00+10:00 .. 2026-07-05 23:55:00+10:00
  [flows] 10/218 chunks (2021-12-12 -> 2021-12-20)
  [flows] 20/218 chunks (2022-03-02 -> 2022-03-10)
  [flows] 30/218 chunks (2022-05-21 -> 2022-05-29)
  [flows] 40/218 chunks (2022-08-09 -> 2022-08-17)
  [flows] 50/218 chunks (2022-10-28 -> 2022-11-05)
  [flows] 60/218 chunks (2023-01-16 -> 2023-01-24)
  [flows] 70/218 chunks (2023-04-06 -> 2023-04-14)
  [flows] 80/218 chunks (2023-06-25 -> 2023-07-03)
  [flows] 90/218 chunks (2023-09-13 -> 2023-09-21)
  [flows] 100/218 chunks (2023-12-02 -> 2023-12-10)
  [flows] 110/218 chunks (2024-02-20 -> 2024-02-28)
  [flows] 120/218 chunks (2024-05-10 -> 2024-05-18)
  [flows] 130/218 chunks (2024-07-29 -> 2024-08-06)
  [flows] 140/218 chunks (2024-10-17 -> 2024-10-25)
  [flows] 150/218 chunks (2025-01-05 -> 2025-01-13)
  [flows] 160/218 chunks (2025-03-26 -> 2025-04-03)
  [flows] 170/218 chunks (2025-06-14 -> 2025-06-22)
  [flows] 180/218 chunks (2025-09-02 -> 2025-09-10)
  [flows] 190/218 chunks (2025-11-21 -> 2025-11-29)
  [flows] 200/218 chunks (2026-02-09 -> 2026-02-17)
  [flows] 210/218 chunks (2026-04-30 -> 2026-05-08)
  [flows] 218/218 chunks (2026-07-03 -> 2026-07-06)
  -> vic_interconnector_20211001_20260706.parquet: 500,787 rows, 2021-10-01 00:00:00+10:00 .. 2026-07-05 23:55:00+10:00
Done.
