device: mps
train windows 82080 (full, no stride)
free-window demand input: +101.2%
  training lstm_revin_demandhead (base=lstm_revin, epochs=40, patience=6, batch=128) ...
    epoch 01  val_mse=0.05091  (77s)
    epoch 02  val_mse=0.04374  (75s)
    epoch 03  val_mse=0.04327  (74s)
    epoch 04  val_mse=0.04436  (74s)
    epoch 05  val_mse=0.04195  (74s)
    epoch 06  val_mse=0.04120  (75s)
    epoch 07  val_mse=0.03976  (75s)
    epoch 08  val_mse=0.03911  (75s)
    epoch 09  val_mse=0.03847  (75s)
    epoch 10  val_mse=0.03805  (77s)
    epoch 11  val_mse=0.03756  (80s)
    epoch 12  val_mse=0.03743  (75s)
    epoch 13  val_mse=0.03741  (75s)
    epoch 14  val_mse=0.03703  (80s)
    epoch 15  val_mse=0.03773  (84s)
    epoch 16  val_mse=0.03673  (82s)
    epoch 17  val_mse=0.03666  (92s)
    epoch 18  val_mse=0.03757  (84s)
    epoch 19  val_mse=0.03718  (81s)
    epoch 20  val_mse=0.03660  (82s)
    epoch 21  val_mse=0.03734  (86s)
    epoch 22  val_mse=0.03612  (90s)
    epoch 23  val_mse=0.03658  (92s)
    epoch 24  val_mse=0.03654  (112s)
    epoch 25  val_mse=0.03668  (96s)
    epoch 26  val_mse=0.03645  (107s)
    epoch 27  val_mse=0.03646  (91s)
    epoch 28  val_mse=0.03636  (97s)  early stop
/Users/nguyenminhquan/Downloads/energy_modelling/lib/sim_common.py:54: UserWarning: The given NumPy array is not writable, and PyTorch does not support non-writable tensors. This means writing to this tensor will result in undefined behavior. You may want to copy the array to protect its data or make it writable before converting it to a tensor. This type of warning will be suppressed for the rest of this program. (Triggered internally at /Users/runner/work/pytorch/pytorch/pytorch/torch/csrc/utils/tensor_numpy.cpp:212.)
  xb = torch.from_numpy(Xw[i:i + batch]).to(device)
  lstm_revin_demandhead    R2=0.8929 WAPE=0.3375 net_demand=+179.2% coal=+153.8% hydro=+121.8% gas_ocgt=+133.2% batt_dis=+221.3% batt_chg=-5.3% (best val_mse=0.03612, 2349s, ep28)

# Demand-anchored head, full unstrided convergence run

82080 train windows, demand input +101.2%

| model | R2 | WAPE | net_demand | coal | hydro | gas_ocgt | batt_dis | batt_chg | epochs | secs |
| --- | --- | --- | --- | --- | --- | --- | --- | --- | --- | --- |
| lstm_revin_demandhead | 0.8929 | 0.3375 | +179.2% | +153.8% | +121.8% | +133.2% | +221.3% | -5.3% | 28 | 2349 |
wrote /Users/nguyenminhquan/Downloads/energy_modelling/demand_simulation/sweep_eqnd/demand_anchored_full_compare.md
